   1              		.file	"SCP1000.c"
   9              	.Ltext0:
  10              		.align	2
  11              		.global	readSCP
  13              	readSCP:
  14              	.LFB3:
  15              		.file 1 "../Library/SCP1000.c"
   1:../Library/SCP1000.c **** //**********************************************************
   2:../Library/SCP1000.c **** //
   3:../Library/SCP1000.c **** //             SCP100 Pressure Sensor Library
   4:../Library/SCP1000.c **** //						SCP1000.c
   5:../Library/SCP1000.c **** //                     Ryan Owens
   6:../Library/SCP1000.c **** //			Copyright Sparkfun Electronics
   7:../Library/SCP1000.c **** //
   8:../Library/SCP1000.c **** //**********************************************************
   9:../Library/SCP1000.c **** #include "LPC214x.h"
  10:../Library/SCP1000.c **** #include "SCP1000.h"
  11:../Library/SCP1000.c **** #include "SPI0.h"
  12:../Library/SCP1000.c **** #include "PackageTracker.h"
  13:../Library/SCP1000.c **** #include "serial.h"
  14:../Library/SCP1000.c **** #include "rprintf.h"
  15:../Library/SCP1000.c **** 
  16:../Library/SCP1000.c **** //NOTE: This library uses the macros SelectSCP() and UnSelectSCP(). 
  17:../Library/SCP1000.c **** // These macros must be defined before the library will work properly.
  18:../Library/SCP1000.c **** 
  19:../Library/SCP1000.c **** void SCPinit(void)
  20:../Library/SCP1000.c **** {
  21:../Library/SCP1000.c **** 	char scp_status;
  22:../Library/SCP1000.c **** 
  23:../Library/SCP1000.c **** 	SelectSCP();
  24:../Library/SCP1000.c **** 	SPI0_send(((REVID<<2) & 0xFC) | SCP_READ);	
  25:../Library/SCP1000.c **** 	UnselectSCP();
  26:../Library/SCP1000.c **** 	
  27:../Library/SCP1000.c **** 	SelectSCP();
  28:../Library/SCP1000.c **** 	SPI0_send(((STATUS<<2) & 0xFC) | SCP_READ);	
  29:../Library/SCP1000.c **** 	scp_status=SPI0_recv();
  30:../Library/SCP1000.c **** 	UnselectSCP();
  31:../Library/SCP1000.c **** 	//rprintf("SCP Status: %d\n", scp_status);
  32:../Library/SCP1000.c **** 	
  33:../Library/SCP1000.c **** 	SelectSCP();
  34:../Library/SCP1000.c **** 	SPI0_send(((OPERATION<<2) & 0xFC) | SCP_WRITE);	
  35:../Library/SCP1000.c **** 	SPI0_send(0x0A);		//Select High Resolution Read Mode
  36:../Library/SCP1000.c **** 	UnselectSCP();
  37:../Library/SCP1000.c **** 	
  38:../Library/SCP1000.c **** 	SelectSCP();
  39:../Library/SCP1000.c **** 	SPI0_send(((OPERATION<<2) & 0xFC) | SCP_READ);	
  40:../Library/SCP1000.c **** 	scp_status=SPI0_recv();
  41:../Library/SCP1000.c **** 	UnselectSCP();
  42:../Library/SCP1000.c **** }
  43:../Library/SCP1000.c **** 
  44:../Library/SCP1000.c **** void readSCP(unsigned int *scp_pressure, int *scp_temperature)
  45:../Library/SCP1000.c **** {
  16              	 Function supports interworking.
  17              		@ args = 0, pretend = 0, frame = 0
  18              		@ frame_needed = 0, uses_anonymous_args = 0
  19              	.LVL0:
  20              		stmfd	sp!, {r4, r5, r6, r7, r8, lr}
  21 0000 F0412DE9 	.LCFI0:
  22              		.loc 1 46 0
  46:../Library/SCP1000.c **** 	SelectSCP();
  23              	, .L3
  24 0004 84609FE5 		mov	r5, #67108864
  25 0008 0153A0E3 		.loc 1 45 0
  26              		mov	r8, r0
  27 000c 0080A0E1 		.loc 1 46 0
  28              		str	r5, [r6, #28]
  29 0010 1C5086E5 		.loc 1 47 0
  47:../Library/SCP1000.c **** 	SPI0_send(((TEMPOUT<<2) & 0xFC) | SCP_READ);
  30              	, #132
  31 0014 8400A0E3 	.LVL1:
  32              		.loc 1 45 0
  33              		mov	r7, r1
  34 0018 0170A0E1 		.loc 1 47 0
  35              		bl	SPI0_send
  36 001c FEFFFFEB 	.LVL2:
  37              		.loc 1 48 0
  48:../Library/SCP1000.c **** 	*scp_temperature=(SPI0_recv()<<8);
  38              	_recv
  39 0020 FEFFFFEB 		mov	r4, r0, asl #8
  40 0024 0044A0E1 		str	r4, [r7, #0]
  41 0028 004087E5 		.loc 1 49 0
  49:../Library/SCP1000.c **** 	*scp_temperature|=SPI0_recv();			
  42              	SPI0_recv
  43 002c FEFFFFEB 		orr	r4, r4, r0
  44 0030 004084E1 		str	r4, [r7, #0]
  45 0034 004087E5 		.loc 1 54 0
  50:../Library/SCP1000.c **** 	UnselectSCP();
  51:../Library/SCP1000.c **** 	//rprintf("SCP Temp: %d\n", scp_temperature/2);
  52:../Library/SCP1000.c **** 
  53:../Library/SCP1000.c **** 	SelectSCP();
  54:../Library/SCP1000.c **** 	SPI0_send(((DATARD8<<2) & 0xFC) | SCP_READ);
  46              		r0, #124
  47 0038 7C00A0E3 		.loc 1 50 0
  48              		str	r5, [r6, #20]
  49 003c 145086E5 		.loc 1 53 0
  50              		str	r5, [r6, #28]
  51 0040 1C5086E5 		.loc 1 54 0
  52              		bl	SPI0_send
  53 0044 FEFFFFEB 		.loc 1 55 0
  55:../Library/SCP1000.c **** 	*scp_pressure=((SPI0_recv()&0x0007)<<16);
  54              	_recv
  55 0048 FEFFFFEB 		and	r0, r0, #7
  56 004c 070000E2 		mov	r0, r0, asl #16
  57 0050 0008A0E1 		str	r0, [r8, #0]
  58 0054 000088E5 		.loc 1 56 0
  56:../Library/SCP1000.c **** 	UnselectSCP();	
  59              	r5, [r6, #20]
  60 0058 145086E5 		.loc 1 59 0
  57:../Library/SCP1000.c **** 
  58:../Library/SCP1000.c **** 	SelectSCP();
  59:../Library/SCP1000.c **** 	SPI0_send(((DATARD16<<2) & 0xFC) | SCP_READ);
  61              	ov	r0, #128
  62 005c 8000A0E3 		.loc 1 58 0
  63              		str	r5, [r6, #28]
  64 0060 1C5086E5 		.loc 1 59 0
  65              		bl	SPI0_send
  66 0064 FEFFFFEB 		.loc 1 60 0
  60:../Library/SCP1000.c **** 	*scp_pressure|=(SPI0_recv()<<8);
  67              	4, [r8, #0]
  68 0068 004098E5 		bl	SPI0_recv
  69 006c FEFFFFEB 		orr	r4, r4, r0, asl #8
  70 0070 004484E1 		str	r4, [r8, #0]
  71 0074 004088E5 		.loc 1 61 0
  61:../Library/SCP1000.c **** 	*scp_pressure|=SPI0_recv();
  72              	PI0_recv
  73 0078 FEFFFFEB 		orr	r4, r4, r0
  74 007c 004084E1 		str	r4, [r8, #0]
  75 0080 004088E5 		.loc 1 62 0
  62:../Library/SCP1000.c **** 	UnselectSCP();		
  76              		r5, [r6, #20]
  77 0084 145086E5 		.loc 1 64 0
  63:../Library/SCP1000.c **** 	//rprintf("SCP Pressure: %d\n\n", scp_pressure/4);
  64:../Library/SCP1000.c **** }
  78              	dmfd	sp!, {r4, r5, r6, r7, r8, lr}
  79 0088 F041BDE8 		bx	lr
  80 008c 1EFF2FE1 	.L4:
  81              		.align	2
  82              	.L3:
  83              		.word	-536707072
  84 0090 008002E0 	.LFE3:
  86              		.align	2
  87              		.global	SCPinit
  89              	SCPinit:
  90              	.LFB2:
  91              		.loc 1 20 0
  92              		@ Function supports interworking.
  93              		@ args = 0, pretend = 0, frame = 0
  94              		@ frame_needed = 0, uses_anonymous_args = 0
  95              		stmfd	sp!, {r4, r5, lr}
  96 0094 30402DE9 	.LCFI1:
  97              		.loc 1 23 0
  98              		ldr	r5, .L7
  99 0098 58509FE5 		mov	r4, #67108864
 100 009c 0143A0E3 		.loc 1 24 0
 101              		mov	r0, #0
 102 00a0 0000A0E3 		.loc 1 23 0
 103              		str	r4, [r5, #28]
 104 00a4 1C4085E5 		.loc 1 24 0
 105              		bl	SPI0_send
 106 00a8 FEFFFFEB 		.loc 1 28 0
 107              		mov	r0, #28
 108 00ac 1C00A0E3 		.loc 1 25 0
 109              		str	r4, [r5, #20]
 110 00b0 144085E5 		.loc 1 27 0
 111              		str	r4, [r5, #28]
 112 00b4 1C4085E5 		.loc 1 28 0
 113              		bl	SPI0_send
 114 00b8 FEFFFFEB 		.loc 1 29 0
 115              		bl	SPI0_recv
 116 00bc FEFFFFEB 		.loc 1 34 0
 117              		mov	r0, #14
 118 00c0 0E00A0E3 		.loc 1 30 0
 119              		str	r4, [r5, #20]
 120 00c4 144085E5 		.loc 1 33 0
 121              		str	r4, [r5, #28]
 122 00c8 1C4085E5 		.loc 1 34 0
 123              		bl	SPI0_send
 124 00cc FEFFFFEB 		.loc 1 35 0
 125              		mov	r0, #10
 126 00d0 0A00A0E3 		bl	SPI0_send
 127 00d4 FEFFFFEB 		.loc 1 39 0
 128              		mov	r0, #12
 129 00d8 0C00A0E3 		.loc 1 36 0
 130              		str	r4, [r5, #20]
 131 00dc 144085E5 		.loc 1 38 0
 132              		str	r4, [r5, #28]
 133 00e0 1C4085E5 		.loc 1 39 0
 134              		bl	SPI0_send
 135 00e4 FEFFFFEB 		.loc 1 40 0
 136              		bl	SPI0_recv
 137 00e8 FEFFFFEB 		.loc 1 41 0
 138              		str	r4, [r5, #20]
 139 00ec 144085E5 		.loc 1 42 0
 140              		ldmfd	sp!, {r4, r5, lr}
 141 00f0 3040BDE8 		bx	lr
 142 00f4 1EFF2FE1 	.L8:
 143              		.align	2
 144              	.L7:
 145              		.word	-536707072
 146 00f8 008002E0 	.LFE2:
 148              		.section	.debug_frame,"",%progbits
 207              		.section	.debug_loc,"",%progbits
DEFINED SYMBOLS
                            *ABS*:00000000 SCP1000.c
C:\DOCUME~1\Ryan\LOCALS~1\Temp/cciubaaa.s:13     .text:00000000 readSCP
C:\DOCUME~1\Ryan\LOCALS~1\Temp/cciubaaa.s:21     .text:00000000 $a
C:\DOCUME~1\Ryan\LOCALS~1\Temp/cciubaaa.s:84     .text:00000090 $d
C:\DOCUME~1\Ryan\LOCALS~1\Temp/cciubaaa.s:90     .text:00000094 SCPinit
C:\DOCUME~1\Ryan\LOCALS~1\Temp/cciubaaa.s:96     .text:00000094 $a
C:\DOCUME~1\Ryan\LOCALS~1\Temp/cciubaaa.s:146    .text:000000f8 $d

UNDEFINED SYMBOLS
SPI0_send
SPI0_recv
